::1 - - [14/May/2020:16:04:29 +0000] "POST /auth HTTP/1.1" 200 45 "-" "PostmanRuntime/7.24.1"
::1 - - [14/May/2020:16:04:37 +0000] "POST /users HTTP/1.1" 500 130 "-" "PostmanRuntime/7.24.1"
::1 - - [14/May/2020:16:04:42 +0000] "GET /users HTTP/1.1" 403 152 "-" "PostmanRuntime/7.24.1"
::1 - - [14/May/2020:16:04:57 +0000] "POST /auth HTTP/1.1" 200 45 "-" "PostmanRuntime/7.24.1"
::1 - - [14/May/2020:16:05:08 +0000] "GET /users HTTP/1.1" 403 152 "-" "PostmanRuntime/7.24.1"
::1 - - [14/May/2020:16:06:33 +0000] "GET /users HTTP/1.1" 403 152 "-" "PostmanRuntime/7.24.1"
::1 - - [14/May/2020:16:16:09 +0000] "GET /auth HTTP/1.1" 204 - "-" "PostmanRuntime/7.24.1"
::1 - - [14/May/2020:16:16:15 +0000] "POST /auth HTTP/1.1" 200 45 "-" "PostmanRuntime/7.24.1"
::1 - - [14/May/2020:16:16:23 +0000] "GET /users HTTP/1.1" 403 152 "-" "PostmanRuntime/7.24.1"
::1 - - [14/May/2020:16:19:09 +0000] "POST /auth HTTP/1.1" 200 45 "-" "PostmanRuntime/7.24.1"
::1 - - [14/May/2020:16:19:17 +0000] "GET /users HTTP/1.1" 403 152 "-" "PostmanRuntime/7.24.1"
::1 - - [14/May/2020:16:19:38 +0000] "GET /users HTTP/1.1" 401 135 "-" "PostmanRuntime/7.24.1"
::1 - - [14/May/2020:16:19:45 +0000] "GET /auth HTTP/1.1" 204 - "-" "PostmanRuntime/7.24.1"
::1 - - [14/May/2020:16:19:48 +0000] "POST /auth HTTP/1.1" 200 45 "-" "PostmanRuntime/7.24.1"
::1 - - [14/May/2020:16:19:59 +0000] "GET /users HTTP/1.1" 200 1302 "-" "PostmanRuntime/7.24.1"
::1 - - [15/May/2020:12:56:35 +0000] "POST /auth HTTP/1.1" 200 45 "-" "PostmanRuntime/7.24.1"
::1 - - [15/May/2020:13:00:33 +0000] "GET /users HTTP/1.1" 200 1302 "-" "PostmanRuntime/7.24.1"
::1 - - [15/May/2020:13:01:40 +0000] "GET /reimbs HTTP/1.1" 401 135 "-" "PostmanRuntime/7.24.1"
::1 - - [15/May/2020:13:01:50 +0000] "POST /auth HTTP/1.1" 200 45 "-" "PostmanRuntime/7.24.1"
::1 - - [15/May/2020:13:02:03 +0000] "POST /reimbs HTTP/1.1" 500 130 "-" "PostmanRuntime/7.24.1"
::1 - - [15/May/2020:13:02:11 +0000] "GET /reimbs HTTP/1.1" 200 2090 "-" "PostmanRuntime/7.24.1"
